Source/Phase-3/envisager/gradleBuild/outputs/logs/manifest-merger-debug-report.txt
-- Merging decision tree log ---
manifest
ADDED from android\AndroidManifest.xml:4:1-31:12
	package
		ADDED from android\AndroidManifest.xml:5:5-34
	xmlns:android
		ADDED from android\AndroidManifest.xml:4:11-69
uses-permission#android.permission.CAMERA
ADDED from android\AndroidManifest.xml:7:5-65
	android:name
		ADDED from android\AndroidManifest.xml:7:22-62
uses-feature#android.hardware.camera
ADDED from android\AndroidManifest.xml:8:5-60
	android:name
		ADDED from android\AndroidManifest.xml:8:19-57
uses-feature#android.hardware.camera.autofocus
ADDED from android\AndroidManifest.xml:9:5-70
	android:name
		ADDED from android\AndroidManifest.xml:9:19-67
uses-permission#android.permission.WRITE_EXTERNAL_STORAGE
ADDED from android\AndroidManifest.xml:10:5-80
	android:name
		ADDED from android\AndroidManifest.xml:10:22-78
uses-sdk
ADDED from android\AndroidManifest.xml:12:5-14:41
	android:targetSdkVersion
		ADDED from android\AndroidManifest.xml:14:9-38
	android:minSdkVersion
		ADDED from android\AndroidManifest.xml:13:9-35
application
ADDED from android\AndroidManifest.xml:16:5-29:19
	android:label
		ADDED from android\AndroidManifest.xml:17:9-41
	android:allowBackup
		ADDED from android\AndroidManifest.xml:16:18-44
	android:icon
		ADDED from android\AndroidManifest.xml:18:9-45
	android:theme
		ADDED from android\AndroidManifest.xml:19:9-45
activity#org.tensorflow.envisager.ClassifierActivity
ADDED from android\AndroidManifest.xml:21:9-28:20
	android:screenOrientation
		ADDED from android\AndroidManifest.xml:22:19-55
	android:label
		ADDED from android\AndroidManifest.xml:23:19-71
	android:name
		ADDED from android\AndroidManifest.xml:21:19-77
intent-filter#android.intent.action.MAIN+android.intent.category.LAUNCHER
ADDED from android\AndroidManifest.xml:24:13-27:29
action#android.intent.action.MAIN
ADDED from android\AndroidManifest.xml:25:17-69
	android:name
		ADDED from android\AndroidManifest.xml:25:25-66
category#android.intent.category.LAUNCHER
ADDED from android\AndroidManifest.xml:26:17-77
	android:name
		ADDED from android\AndroidManifest.xml:26:27-74